[debug] [2021-05-15T02:25:51.185Z] ----------------------------------------------------------------------
[debug] [2021-05-15T02:25:51.190Z] Command:       C:\Program Files\nodejs\node.exe C:\Users\ase\AppData\Roaming\npm\node_modules\firebase-tools\lib\bin\firebase.js deploy
[debug] [2021-05-15T02:25:51.191Z] CLI Version:   9.10.0
[debug] [2021-05-15T02:25:51.191Z] Platform:      win32
[debug] [2021-05-15T02:25:51.191Z] Node Version:  v14.16.0
[debug] [2021-05-15T02:25:51.201Z] Time:          Sat May 15 2021 08:25:51 GMT+0600 (Bangladesh Standard Time)
[debug] [2021-05-15T02:25:51.202Z] ----------------------------------------------------------------------
[debug] 
[debug] [2021-05-15T02:25:51.222Z] > command requires scopes: ["email","openid","https://www.googleapis.com/auth/cloudplatformprojects.readonly","https://www.googleapis.com/auth/firebase","https://www.googleapis.com/auth/cloud-platform"]
[debug] [2021-05-15T02:25:51.223Z] > authorizing via signed-in user (sh.robin025@gmail.com)
[debug] [2021-05-15T02:25:51.223Z] [iam] checking project nokshi-5c644 for permissions ["firebase.projects.get","firebasehosting.sites.update"]
[debug] [2021-05-15T02:25:51.226Z] > refreshing access token with scopes: ["email","https://www.googleapis.com/auth/cloud-platform","https://www.googleapis.com/auth/cloudplatformprojects.readonly","https://www.googleapis.com/auth/firebase","openid"]
[debug] [2021-05-15T02:25:51.227Z] >>> HTTP REQUEST POST https://www.googleapis.com/oauth2/v3/token  
 <request body omitted>
[debug] [2021-05-15T02:25:51.742Z] <<< HTTP RESPONSE 200 {"cache-control":"no-cache, no-store, max-age=0, must-revalidate","date":"Sat, 15 May 2021 02:25:52 GMT","pragma":"no-cache","expires":"Mon, 01 Jan 1990 00:00:00 GMT","content-type":"application/json; charset=utf-8","vary":"X-Origin, Referer, Origin,Accept-Encoding","server":"scaffolding on HTTPServer2","x-xss-protection":"0","x-frame-options":"SAMEORIGIN","x-content-type-options":"nosniff","alt-svc":"h3-29=\":443\"; ma=2592000,h3-T051=\":443\"; ma=2592000,h3-Q050=\":443\"; ma=2592000,h3-Q046=\":443\"; ma=2592000,h3-Q043=\":443\"; ma=2592000,quic=\":443\"; ma=2592000; v=\"46,43\"","accept-ranges":"none","transfer-encoding":"chunked"}
[debug] [2021-05-15T02:25:51.755Z] >>> HTTP REQUEST POST https://cloudresourcemanager.googleapis.com/v1/projects/nokshi-5c644:testIamPermissions  
 {"permissions":["firebase.projects.get","firebasehosting.sites.update"]}
[debug] [2021-05-15T02:25:52.867Z] <<< HTTP RESPONSE 200 {"content-type":"application/json; charset=UTF-8","vary":"X-Origin, Referer, Origin,Accept-Encoding","date":"Sat, 15 May 2021 02:25:53 GMT","server":"ESF","cache-control":"private","x-xss-protection":"0","x-frame-options":"SAMEORIGIN","x-content-type-options":"nosniff","server-timing":"gfet4t7; dur=416","alt-svc":"h3-29=\":443\"; ma=2592000,h3-T051=\":443\"; ma=2592000,h3-Q050=\":443\"; ma=2592000,h3-Q046=\":443\"; ma=2592000,h3-Q043=\":443\"; ma=2592000,quic=\":443\"; ma=2592000; v=\"46,43\"","accept-ranges":"none","transfer-encoding":"chunked"}
[debug] [2021-05-15T02:25:52.868Z] [iam] error while checking permissions, command may fail: FirebaseError: Authorization failed. This account is missing the following required permissions on project nokshi-5c644:

  firebase.projects.get
  firebasehosting.sites.update
[debug] [2021-05-15T02:25:52.870Z] > refreshing access token with scopes: []
[debug] [2021-05-15T02:25:52.870Z] >>> HTTP REQUEST POST https://www.googleapis.com/oauth2/v3/token  
 <request body omitted>
[debug] [2021-05-15T02:25:53.269Z] <<< HTTP RESPONSE 200 {"pragma":"no-cache","date":"Sat, 15 May 2021 02:25:54 GMT","expires":"Mon, 01 Jan 1990 00:00:00 GMT","cache-control":"no-cache, no-store, max-age=0, must-revalidate","content-type":"application/json; charset=utf-8","vary":"X-Origin, Referer, Origin,Accept-Encoding","server":"scaffolding on HTTPServer2","x-xss-protection":"0","x-frame-options":"SAMEORIGIN","x-content-type-options":"nosniff","alt-svc":"h3-29=\":443\"; ma=2592000,h3-T051=\":443\"; ma=2592000,h3-Q050=\":443\"; ma=2592000,h3-Q046=\":443\"; ma=2592000,h3-Q043=\":443\"; ma=2592000,quic=\":443\"; ma=2592000; v=\"46,43\"","accept-ranges":"none","transfer-encoding":"chunked"}
[debug] [2021-05-15T02:25:53.281Z] >>> [apiv2][query] GET https://firebase.googleapis.com/v1beta1/projects/nokshi-5c644 [none]
[debug] [2021-05-15T02:25:54.062Z] <<< [apiv2][status] GET https://firebase.googleapis.com/v1beta1/projects/nokshi-5c644 403
[debug] [2021-05-15T02:25:54.062Z] <<< [apiv2][body] GET https://firebase.googleapis.com/v1beta1/projects/nokshi-5c644 {"error":{"code":403,"message":"The caller does not have permission","status":"PERMISSION_DENIED"}}
[debug] [2021-05-15T02:25:54.063Z] HTTP Error: 403, The caller does not have permission
[debug] [2021-05-15T02:25:54.612Z] FirebaseError: HTTP Error: 403, The caller does not have permission
    at module.exports (C:\Users\ase\AppData\Roaming\npm\node_modules\firebase-tools\lib\responseToError.js:38:12)
    at Client.doRequest (C:\Users\ase\AppData\Roaming\npm\node_modules\firebase-tools\lib\apiv2.js:238:23)
    at processTicksAndRejections (internal/process/task_queues.js:93:5)
    at async Client.request (C:\Users\ase\AppData\Roaming\npm\node_modules\firebase-tools\lib\apiv2.js:96:20)
    at async Object.getFirebaseProject (C:\Users\ase\AppData\Roaming\npm\node_modules\firebase-tools\lib\management\projects.js:290:21)
    at async Object.getDefaultHostingSite (C:\Users\ase\AppData\Roaming\npm\node_modules\firebase-tools\lib\getDefaultHostingSite.js:8:21)
    at async requireHostingSite (C:\Users\ase\AppData\Roaming\npm\node_modules\firebase-tools\lib\requireHostingSite.js:9:18)
    at async Object.fn (C:\Users\ase\AppData\Roaming\npm\node_modules\firebase-tools\lib\commands\deploy.js:66:9)
    at async C:\Users\ase\AppData\Roaming\npm\node_modules\firebase-tools\lib\command.js:169:17
[error] 
[error] Error: Failed to get Firebase project nokshi-5c644. Please make sure the project exists and your account has permission to access it.
